<?xml version="1.0" encoding="UTF-8"?>
<!-- Generated by org.testng.reporters.JUnitReportReporter -->
<testsuite hostname="DESKTOP-ROFA72B" failures="0" tests="1" name="com.test.SeleniumAutomation.TestCases.DropDownWithOutSelect" time="14.683" errors="0" timestamp="2023-09-12T16:40:42 IST" skipped="0">
  <testcase classname="com.test.SeleniumAutomation.TestCases.DropDownWithOutSelect" name="LaunchApplication" time="14.683"/>
</testsuite> <!-- com.test.SeleniumAutomation.TestCases.DropDownWithOutSelect -->
