<?xml version="1.0" encoding="UTF-8"?>
<!-- Generated by org.testng.reporters.JUnitReportReporter -->
<testsuite hostname="DESKTOP-ROFA72B" failures="0" tests="2" name="com.test.SeleniumAutomation.TestCases.DataproviderWithMethodTest" time="0.016" errors="0" timestamp="2023-09-25T21:45:30 IST" skipped="0">
  <testcase classname="com.test.SeleniumAutomation.TestCases.DataproviderWithMethodTest" name="test2" time="0.003"/>
  <testcase classname="com.test.SeleniumAutomation.TestCases.DataproviderWithMethodTest" name="test1" time="0.013"/>
</testsuite> <!-- com.test.SeleniumAutomation.TestCases.DataproviderWithMethodTest -->
