<?xml version="1.0" encoding="UTF-8"?>
<!-- Generated by org.testng.reporters.JUnitReportReporter -->
<testsuite hostname="DESKTOP-ROFA72B" failures="0" tests="2" name="com.test.SeleniumAutomation.TestCases.TestNGAnnotationTest" time="0.043" errors="0" timestamp="2023-09-13T13:26:04 IST" skipped="0">
  <testcase classname="com.test.SeleniumAutomation.TestCases.TestNGAnnotationTest" name="f1" time="0.037"/>
  <testcase classname="com.test.SeleniumAutomation.TestCases.TestNGAnnotationTest" name="f2" time="0.006"/>
</testsuite> <!-- com.test.SeleniumAutomation.TestCases.TestNGAnnotationTest -->
