<?xml version="1.0" encoding="UTF-8"?>
<!-- Generated by org.testng.reporters.JUnitReportReporter -->
<testsuite hostname="DESKTOP-ROFA72B" failures="0" tests="1" name="com.test.SeleniumAutomation.TestCases.LoginTest" time="1.971" errors="0" timestamp="2023-09-23T17:49:53 IST" skipped="0">
  <testcase classname="com.test.SeleniumAutomation.TestCases.LoginTest" name="LaunchApplication" time="1.971"/>
</testsuite> <!-- com.test.SeleniumAutomation.TestCases.LoginTest -->
