<?xml version="1.0" encoding="UTF-8"?>
<!-- Generated by org.testng.reporters.JUnitReportReporter -->
<testsuite hostname="DESKTOP-ROFA72B" failures="0" tests="1" name="com.test.SeleniumAutomation.TestCases.ActionsTest" time="14.688" errors="0" timestamp="2023-09-25T21:32:23 IST" skipped="0">
  <testcase classname="com.test.SeleniumAutomation.TestCases.ActionsTest" name="LaunchApplication" time="14.688"/>
</testsuite> <!-- com.test.SeleniumAutomation.TestCases.ActionsTest -->
