<?xml version="1.0" encoding="UTF-8"?>
<!-- Generated by org.testng.reporters.JUnitReportReporter -->
<testsuite hostname="DESKTOP-ROFA72B" failures="0" tests="1" name="com.test.SeleniumAutomation.TestCases.DataProviderInhiritTest" time="0.010" errors="0" timestamp="2023-09-13T14:46:23 IST" skipped="0">
  <testcase classname="com.test.SeleniumAutomation.TestCases.DataProviderInhiritTest" name="testDp" time="0.010"/>
</testsuite> <!-- com.test.SeleniumAutomation.TestCases.DataProviderInhiritTest -->
