<?xml version="1.0" encoding="UTF-8"?>
<!-- Generated by org.testng.reporters.JUnitReportReporter -->
<testsuite hostname="DESKTOP-ROFA72B" failures="0" tests="1" name="com.test.SeleniumAutomation.TestCases.DragAndDropTest" time="11.802" errors="0" timestamp="2023-09-12T16:28:40 IST" skipped="0">
  <testcase classname="com.test.SeleniumAutomation.TestCases.DragAndDropTest" name="LaunchApplication" time="11.802"/>
</testsuite> <!-- com.test.SeleniumAutomation.TestCases.DragAndDropTest -->
