<?xml version="1.0" encoding="UTF-8"?>
<!-- Generated by org.testng.reporters.JUnitReportReporter -->
<testsuite hostname="DESKTOP-ROFA72B" failures="0" tests="1" name="com.test.SeleniumAutomation.TestCases.DataDrivernTest" time="6.185" errors="0" timestamp="2023-08-30T08:47:39 IST" skipped="0">
  <testcase classname="com.test.SeleniumAutomation.TestCases.DataDrivernTest" name="testDataRead" time="6.185"/>
</testsuite> <!-- com.test.SeleniumAutomation.TestCases.DataDrivernTest -->
