<?xml version="1.0" encoding="UTF-8"?>
<!-- Generated by org.testng.reporters.JUnitReportReporter -->
<testsuite hostname="DESKTOP-ROFA72B" failures="0" tests="3" name="com.test.SeleniumAutomation.TestCases.DepandanctTest" time="0.021" errors="0" timestamp="2023-09-25T21:52:25 IST" skipped="0">
  <testcase classname="com.test.SeleniumAutomation.TestCases.DepandanctTest" name="test1" time="0.002"/>
  <testcase classname="com.test.SeleniumAutomation.TestCases.DepandanctTest" name="test2" time="0.016"/>
  <testcase classname="com.test.SeleniumAutomation.TestCases.DepandanctTest" name="test3" time="0.003"/>
</testsuite> <!-- com.test.SeleniumAutomation.TestCases.DepandanctTest -->
